{"C:\\Users\\SURYA K\\Documents\\Surya Git'\\Practice\\jest-testing\\src\\App.js": {"path":"C:\\Users\\SURYA K\\Documents\\Surya Git'\\Practice\\jest-testing\\src\\App.js","statementMap":{"0":{"start":{"line":6,"column":2},"end":{"line":6,"column":35}}},"fnMap":{"0":{"name":"App","decl":{"start":{"line":5,"column":9},"end":{"line":5,"column":12}},"loc":{"start":{"line":5,"column":15},"end":{"line":7,"column":1}},"line":5}},"branchMap":{},"s":{"0":1},"f":{"0":1},"b":{},"_coverageSchema":"1a1c01bbd47fc00a2c39e90264f33305004495a9","hash":"e8c903bde8d813a0880ed150b4108dc28f6063f2"}
,"C:\\Users\\SURYA K\\Documents\\Surya Git'\\Practice\\jest-testing\\src\\components\\Button.js": {"path":"C:\\Users\\SURYA K\\Documents\\Surya Git'\\Practice\\jest-testing\\src\\components\\Button.js","statementMap":{"0":{"start":{"line":4,"column":15},"end":{"line":6,"column":1}},"1":{"start":{"line":5,"column":2},"end":{"line":5,"column":47}}},"fnMap":{"0":{"name":"(anonymous_0)","decl":{"start":{"line":4,"column":15},"end":{"line":4,"column":16}},"loc":{"start":{"line":5,"column":2},"end":{"line":5,"column":47}},"line":5}},"branchMap":{},"s":{"0":2,"1":3},"f":{"0":3},"b":{},"_coverageSchema":"1a1c01bbd47fc00a2c39e90264f33305004495a9","hash":"ba02307cdf0370a9a7ef10f19f2cddfcf32953a9"}
}
